#
# There is insufficient memory for the Java Runtime Environment to continue.
# Native memory allocation (mmap) failed to map 167772160 bytes for committing reserved memory.
# Possible reasons:
#   The system is out of physical RAM or swap space
#   The process is running with CompressedOops enabled, and the Java Heap may be blocking the growth of the native heap
# Possible solutions:
#   Reduce memory load on the system
#   Increase physical memory or swap space
#   Check if swap backing store is full
#   Decrease Java heap size (-Xmx/-Xms)
#   Decrease number of Java threads
#   Decrease Java thread stack sizes (-Xss)
#   Set larger code cache with -XX:ReservedCodeCacheSize=
#   JVM is running with Unscaled Compressed Oops mode in which the Java heap is
#     placed in the first 4GB address space. The Java Heap base address is the
#     maximum limit for the native heap growth. Please use -XX:HeapBaseMinAddress
#     to set the Java Heap base and to place the Java Heap above 4GB virtual address.
# This output file may be truncated or incomplete.
#
#  Out of Memory Error (os_linux.cpp:2706), pid=14417, tid=14431
#
# JRE version: OpenJDK Runtime Environment (10.0.2+13) (build 10.0.2+13-Ubuntu-1ubuntu0.18.04.2)
# Java VM: OpenJDK 64-Bit Server VM (10.0.2+13-Ubuntu-1ubuntu0.18.04.2, mixed mode, tiered, compressed oops, g1 gc, linux-amd64)
# Core dump will be written. Default location: Core dumps may be processed with "/usr/share/apport/apport %p %s %c %d %P" (or dumping to /home/d134/NAC/CB_Server/core.14417)
#

---------------  S U M M A R Y ------------

Command Line: -Dfile.encoding=UTF8 -ea -Xmx1024m 

Host: Intel(R) Core(TM) i5-6500 CPU @ 3.20GHz, 4 cores, 3G, Ubuntu 18.04.1 LTS
Time: Sun Oct 14 21:30:14 2018 KST elapsed time: 0 seconds (0d 0h 0m 0s)

---------------  T H R E A D  ---------------

Current thread (0x0000000001911000):  VMThread "VM Thread" [stack: 0x00007f38f46f0000,0x00007f38f47f0000] [id=14431]

Stack: [0x00007f38f46f0000,0x00007f38f47f0000],  sp=0x00007f38f47ee0a0,  free space=1016k
Native frames: (J=compiled Java code, A=aot compiled Java code, j=interpreted, Vv=VM code, C=native code)
V  [libjvm.so+0xd27e04]
V  [libjvm.so+0xd289ab]
V  [libjvm.so+0x64d415]
V  [libjvm.so+0xb2d728]
V  [libjvm.so+0xb25f7d]
V  [libjvm.so+0x7662ff]
V  [libjvm.so+0x76653e]
V  [libjvm.so+0x769500]
V  [libjvm.so+0x7efa1c]
V  [libjvm.so+0x7f06df]
V  [libjvm.so+0x7f0b59]
V  [libjvm.so+0x7162cf]
V  [libjvm.so+0x71a3ba]
V  [libjvm.so+0xd39f68]
V  [libjvm.so+0xd387d1]
V  [libjvm.so+0xd35a9b]
V  [libjvm.so+0xd370be]
V  [libjvm.so+0xd374e8]
V  [libjvm.so+0xb33ca0]

VM_Operation (0x00007ffc8436c600): G1IncCollectionPause, mode: safepoint, requested by thread 0x0000000001734000


---------------  P R O C E S S  ---------------

Threads class SMR info:
_java_thread_list=0x0000000001a087a0, length=11, elements={
0x0000000001734000, 0x000000000191d000, 0x000000000191f000, 0x0000000001931800,
0x0000000001934000, 0x0000000001936000, 0x0000000001938000, 0x000000000193a000,
0x00000000019cd800, 0x0000000001a07800, 0x0000000001a11000
}

Java Threads: ( => current thread )
  0x0000000001734000 JavaThread "main" [_thread_blocked, id=14417, stack(0x00007ffc84271000,0x00007ffc84371000)]
  0x000000000191d000 JavaThread "Reference Handler" daemon [_thread_blocked, id=14432, stack(0x00007f38f45ed000,0x00007f38f46ee000)]
  0x000000000191f000 JavaThread "Finalizer" daemon [_thread_blocked, id=14433, stack(0x00007f38f44ec000,0x00007f38f45ed000)]
  0x0000000001931800 JavaThread "Signal Dispatcher" daemon [_thread_blocked, id=14434, stack(0x00007f38f43eb000,0x00007f38f44ec000)]
  0x0000000001934000 JavaThread "C2 CompilerThread0" daemon [_thread_blocked, id=14435, stack(0x00007f38f42ea000,0x00007f38f43eb000)]
  0x0000000001936000 JavaThread "C2 CompilerThread1" daemon [_thread_blocked, id=14436, stack(0x00007f38f41e9000,0x00007f38f42ea000)]
  0x0000000001938000 JavaThread "C1 CompilerThread2" daemon [_thread_blocked, id=14437, stack(0x00007f38f40e8000,0x00007f38f41e9000)]
  0x000000000193a000 JavaThread "Sweeper thread" daemon [_thread_blocked, id=14438, stack(0x00007f38e9eff000,0x00007f38ea000000)]
  0x00000000019cd800 JavaThread "Service Thread" daemon [_thread_blocked, id=14439, stack(0x00007f38e9dfe000,0x00007f38e9eff000)]
  0x0000000001a07800 JavaThread "Thread-0" [_thread_blocked, id=14441, stack(0x00007f38e9bfb000,0x00007f38e9cfc000)]
  0x0000000001a11000 JavaThread "Common-Cleaner" daemon [_thread_blocked, id=14442, stack(0x00007f38e9afa000,0x00007f38e9bfb000)]

Other Threads:
=>0x0000000001911000 VMThread "VM Thread" [stack: 0x00007f38f46f0000,0x00007f38f47f0000] [id=14431]
  0x00000000019d0000 WatcherThread [stack: 0x00007f38e9cfe000,0x00007f38e9dfe000] [id=14440]
  0x0000000001747800 GCTaskThread "GC Thread#0" [stack: 0x00007f3904895000,0x00007f3904995000] [id=14420]
  0x0000000001748800 GCTaskThread "GC Thread#1" [stack: 0x00007f3904793000,0x00007f3904893000] [id=14421]
  0x000000000174a800 GCTaskThread "GC Thread#2" [stack: 0x00007f3904691000,0x00007f3904791000] [id=14422]
  0x000000000174c000 GCTaskThread "GC Thread#3" [stack: 0x00007f390458f000,0x00007f390468f000] [id=14423]
  0x0000000001785000 ConcurrentGCThread "G1 Main Marker" [stack: 0x00007f3904049000,0x00007f3904149000] [id=14424]
  0x0000000001787000 ConcurrentGCThread "G1 Conc#0" [stack: 0x00007f38f5900000,0x00007f38f5a00000] [id=14425]
  0x00000000017b7800 ConcurrentGCThread "G1 Refine#0" [stack: 0x00007f38f53fa000,0x00007f38f54fa000] [id=14426]
  0x00000000017b9000 ConcurrentGCThread "G1 Refine#1" [stack: 0x00007f38f52f8000,0x00007f38f53f8000] [id=14427]
  0x00000000017bb000 ConcurrentGCThread "G1 Refine#2" [stack: 0x00007f38f51f6000,0x00007f38f52f6000] [id=14428]
  0x00000000017bc800 ConcurrentGCThread "G1 Refine#3" [stack: 0x00007f38f50f4000,0x00007f38f51f4000] [id=14429]
  0x00000000017be800 ConcurrentGCThread "G1 Young RemSet Sampling" [stack: 0x00007f38f4ff2000,0x00007f38f50f2000] [id=14430]

Threads with active compile tasks:

VM state:at safepoint (normal execution)

VM Mutex/Monitor currently owned by a thread:  ([mutex/lock_event])
[0x0000000001730240] Threads_lock - owner thread: 0x0000000001911000
[0x00000000017307e0] Heap_lock - owner thread: 0x0000000001734000

Heap address: 0x00000000c0000000, size: 1024 MB, Compressed Oops mode: 32-bit
Narrow klass base: 0x0000000000000000, Narrow klass shift: 3
Compressed class space size: 1073741824 Address: 0x0000000100000000

Heap:
 garbage-first heap   total 286720K, used 44254K [0x00000000c0000000, 0x0000000100000000)
  region size 1024K, 5 young (5120K), 5 survivors (5120K)
 Metaspace       used 5532K, capacity 5632K, committed 5888K, reserved 1056768K
  class space    used 464K, capacity 496K, committed 512K, reserved 1048576K
Heap Regions: E=young(eden), S=young(survivor), O=old, HS=humongous(starts), HC=humongous(continues), CS=collection set, F=free, A=archive, TS=gc time stamp, AC=allocation context, TAMS=top-at-mark-start (previous, next)
|   0|0x00000000c0000000, 0x00000000c0100000, 0x00000000c0100000|100%|HS|  |TS  0|AC  0|TAMS 0x00000000c0000000, 0x00000000c0000000|
|   1|0x00000000c0100000, 0x00000000c0200000, 0x00000000c0200000|100%|HC|  |TS  0|AC  0|TAMS 0x00000000c0100000, 0x00000000c0100000|
|   2|0x00000000c0200000, 0x00000000c0300000, 0x00000000c0300000|100%|HC|  |TS  0|AC  0|TAMS 0x00000000c0200000, 0x00000000c0200000|
|   3|0x00000000c0300000, 0x00000000c0400000, 0x00000000c0400000|100%|HS|  |TS  0|AC  0|TAMS 0x00000000c0300000, 0x00000000c0300000|
|   4|0x00000000c0400000, 0x00000000c0500000, 0x00000000c0500000|100%|HC|  |TS  0|AC  0|TAMS 0x00000000c0400000, 0x00000000c0400000|
|   5|0x00000000c0500000, 0x00000000c0600000, 0x00000000c0600000|100%| O|  |TS  2|AC  0|TAMS 0x00000000c0500000, 0x00000000c0500000|
|   6|0x00000000c0600000, 0x00000000c0700000, 0x00000000c0700000|100%| O|  |TS  3|AC  0|TAMS 0x00000000c0600000, 0x00000000c0600000|
|   7|0x00000000c0700000, 0x00000000c0800000, 0x00000000c0800000|100%|HS|  |TS  0|AC  0|TAMS 0x00000000c0700000, 0x00000000c0700000|
|   8|0x00000000c0800000, 0x00000000c0900000, 0x00000000c0900000|100%| O|  |TS  3|AC  0|TAMS 0x00000000c0800000, 0x00000000c0800000|
|   9|0x00000000c0900000, 0x00000000c0a00000, 0x00000000c0a00000|100%| O|  |TS  3|AC  0|TAMS 0x00000000c0900000, 0x00000000c0900000|
|  10|0x00000000c0a00000, 0x00000000c0b00000, 0x00000000c0b00000|100%| O|  |TS  3|AC  0|TAMS 0x00000000c0a00000, 0x00000000c0a00000|
|  11|0x00000000c0b00000, 0x00000000c0c00000, 0x00000000c0c00000|100%| O|  |TS  4|AC  0|TAMS 0x00000000c0b00000, 0x00000000c0b00000|
|  12|0x00000000c0c00000, 0x00000000c0d00000, 0x00000000c0d00000|100%| O|  |TS  5|AC  0|TAMS 0x00000000c0c00000, 0x00000000c0c00000|
|  13|0x00000000c0d00000, 0x00000000c0e00000, 0x00000000c0e00000|100%| O|  |TS  5|AC  0|TAMS 0x00000000c0d00000, 0x00000000c0d00000|
|  14|0x00000000c0e00000, 0x00000000c0f00000, 0x00000000c0f00000|100%| O|  |TS  5|AC  0|TAMS 0x00000000c0e00000, 0x00000000c0e00000|
|  15|0x00000000c0f00000, 0x00000000c1000000, 0x00000000c1000000|100%| O|  |TS  5|AC  0|TAMS 0x00000000c0f00000, 0x00000000c0f00000|
|  16|0x00000000c1000000, 0x00000000c1100000, 0x00000000c1100000|100%| O|  |TS  6|AC  0|TAMS 0x00000000c1000000, 0x00000000c1000000|
|  17|0x00000000c1100000, 0x00000000c1200000, 0x00000000c1200000|100%|HS|  |TS  0|AC  0|TAMS 0x00000000c1100000, 0x00000000c1100000|
|  18|0x00000000c1200000, 0x00000000c1300000, 0x00000000c1300000|100%| O|  |TS  6|AC  0|TAMS 0x00000000c1200000, 0x00000000c1200000|
|  19|0x00000000c1300000, 0x00000000c1400000, 0x00000000c1400000|100%| O|  |TS  6|AC  0|TAMS 0x00000000c1300000, 0x00000000c1300000|
|  20|0x00000000c1400000, 0x00000000c1500000, 0x00000000c1500000|100%| O|  |TS  6|AC  0|TAMS 0x00000000c1400000, 0x00000000c1400000|
|  21|0x00000000c1500000, 0x00000000c1600000, 0x00000000c1600000|100%| O|  |TS  7|AC  0|TAMS 0x00000000c1500000, 0x00000000c1500000|
|  22|0x00000000c1600000, 0x00000000c1700000, 0x00000000c1700000|100%| O|  |TS  7|AC  0|TAMS 0x00000000c1600000, 0x00000000c1600000|
|  23|0x00000000c1700000, 0x00000000c1800000, 0x00000000c1800000|100%| O|  |TS  7|AC  0|TAMS 0x00000000c1700000, 0x00000000c1700000|
|  24|0x00000000c1800000, 0x00000000c1900000, 0x00000000c1900000|100%| O|  |TS  7|AC  0|TAMS 0x00000000c1800000, 0x00000000c1800000|
|  25|0x00000000c1900000, 0x00000000c1a00000, 0x00000000c1a00000|100%| O|  |TS  7|AC  0|TAMS 0x00000000c1900000, 0x00000000c1900000|
|  26|0x00000000c1a00000, 0x00000000c1b00000, 0x00000000c1b00000|100%| O|  |TS  8|AC  0|TAMS 0x00000000c1a00000, 0x00000000c1a00000|
|  27|0x00000000c1b00000, 0x00000000c1c00000, 0x00000000c1c00000|100%| O|  |TS  8|AC  0|TAMS 0x00000000c1b00000, 0x00000000c1b00000|
|  28|0x00000000c1c00000, 0x00000000c1d00000, 0x00000000c1d00000|100%| O|  |TS  8|AC  0|TAMS 0x00000000c1c00000, 0x00000000c1c00000|
|  29|0x00000000c1d00000, 0x00000000c1e00000, 0x00000000c1e00000|100%| O|  |TS  8|AC  0|TAMS 0x00000000c1d00000, 0x00000000c1d00000|
|  30|0x00000000c1e00000, 0x00000000c1f00000, 0x00000000c1f00000|100%| O|  |TS  8|AC  0|TAMS 0x00000000c1e00000, 0x00000000c1e00000|
|  31|0x00000000c1f00000, 0x00000000c2000000, 0x00000000c2000000|100%| O|  |TS  8|AC  0|TAMS 0x00000000c1f00000, 0x00000000c1f00000|
|  32|0x00000000c2000000, 0x00000000c2100000, 0x00000000c2100000|100%| O|  |TS  9|AC  0|TAMS 0x00000000c2000000, 0x00000000c2000000|
|  33|0x00000000c2100000, 0x00000000c2200000, 0x00000000c2200000|100%| O|  |TS  9|AC  0|TAMS 0x00000000c2100000, 0x00000000c2100000|
|  34|0x00000000c2200000, 0x00000000c2300000, 0x00000000c2300000|100%| O|  |TS  9|AC  0|TAMS 0x00000000c2200000, 0x00000000c2200000|
|  35|0x00000000c2300000, 0x00000000c2400000, 0x00000000c2400000|100%| O|  |TS  9|AC  0|TAMS 0x00000000c2300000, 0x00000000c2300000|
|  36|0x00000000c2400000, 0x00000000c2500000, 0x00000000c2500000|100%| O|  |TS  9|AC  0|TAMS 0x00000000c2400000, 0x00000000c2400000|
|  37|0x00000000c2500000, 0x00000000c2600000, 0x00000000c2600000|100%| O|  |TS  9|AC  0|TAMS 0x00000000c2500000, 0x00000000c2500000|
|  38|0x00000000c2600000, 0x00000000c263bc00, 0x00000000c2700000| 23%| O|  |TS  9|AC  0|TAMS 0x00000000c2600000, 0x00000000c2600000|
|  39|0x00000000c2700000, 0x00000000c2700000, 0x00000000c2800000|  0%| F|  |TS  5|AC  0|TAMS 0x00000000c2700000, 0x00000000c2700000|
|  40|0x00000000c2800000, 0x00000000c2800000, 0x00000000c2900000|  0%| F|  |TS  5|AC  0|TAMS 0x00000000c2800000, 0x00000000c2800000|
|  41|0x00000000c2900000, 0x00000000c2900000, 0x00000000c2a00000|  0%| F|  |TS  5|AC  0|TAMS 0x00000000c2900000, 0x00000000c2900000|
|  42|0x00000000c2a00000, 0x00000000c2a00000, 0x00000000c2b00000|  0%| F|  |TS  5|AC  0|TAMS 0x00000000c2a00000, 0x00000000c2a00000|
|  43|0x00000000c2b00000, 0x00000000c2b00000, 0x00000000c2c00000|  0%| F|  |TS  5|AC  0|TAMS 0x00000000c2b00000, 0x00000000c2b00000|
|  44|0x00000000c2c00000, 0x00000000c2c00000, 0x00000000c2d00000|  0%| F|  |TS  5|AC  0|TAMS 0x00000000c2c00000, 0x00000000c2c00000|
|  45|0x00000000c2d00000, 0x00000000c2d00000, 0x00000000c2e00000|  0%| F|  |TS  5|AC  0|TAMS 0x00000000c2d00000, 0x00000000c2d00000|
|  46|0x00000000c2e00000, 0x00000000c2e00000, 0x00000000c2f00000|  0%| F|  |TS  5|AC  0|TAMS 0x00000000c2e00000, 0x00000000c2e00000|
|  47|0x00000000c2f00000, 0x00000000c2f00000, 0x00000000c3000000|  0%| F|  |TS  5|AC  0|TAMS 0x00000000c2f00000, 0x00000000c2f00000|
|  48|0x00000000c3000000, 0x00000000c3000000, 0x00000000c3100000|  0%| F|  |TS  5|AC  0|TAMS 0x00000000c3000000, 0x00000000c3000000|
|  49|0x00000000c3100000, 0x00000000c3100000, 0x00000000c3200000|  0%| F|  |TS  5|AC  0|TAMS 0x00000000c3100000, 0x00000000c3100000|
|  50|0x00000000c3200000, 0x00000000c3200000, 0x00000000c3300000|  0%| F|  |TS  5|AC  0|TAMS 0x00000000c3200000, 0x00000000c3200000|
|  51|0x00000000c3300000, 0x00000000c3300000, 0x00000000c3400000|  0%| F|  |TS  5|AC  0|TAMS 0x00000000c3300000, 0x00000000c3300000|
|  52|0x00000000c3400000, 0x00000000c3400000, 0x00000000c3500000|  0%| F|  |TS  5|AC  0|TAMS 0x00000000c3400000, 0x00000000c3400000|
|  53|0x00000000c3500000, 0x00000000c3500000, 0x00000000c3600000|  0%| F|  |TS  5|AC  0|TAMS 0x00000000c3500000, 0x00000000c3500000|
|  54|0x00000000c3600000, 0x00000000c3600000, 0x00000000c3700000|  0%| F|  |TS  5|AC  0|TAMS 0x00000000c3600000, 0x00000000c3600000|
|  55|0x00000000c3700000, 0x00000000c3700000, 0x00000000c3800000|  0%| F|  |TS  5|AC  0|TAMS 0x00000000c3700000, 0x00000000c3700000|
|  56|0x00000000c3800000, 0x00000000c3800000, 0x00000000c3900000|  0%| F|  |TS  5|AC  0|TAMS 0x00000000c3800000, 0x00000000c3800000|
|  57|0x00000000c3900000, 0x00000000c3900000, 0x00000000c3a00000|  0%| F|  |TS  5|AC  0|TAMS 0x00000000c3900000, 0x00000000c3900000|
|  58|0x00000000c3a00000, 0x00000000c3a00000, 0x00000000c3b00000|  0%| F|  |TS  5|AC  0|TAMS 0x00000000c3a00000, 0x00000000c3a00000|
|  59|0x00000000c3b00000, 0x00000000c3b00000, 0x00000000c3c00000|  0%| F|  |TS  5|AC  0|TAMS 0x00000000c3b00000, 0x00000000c3b00000|
|  60|0x00000000c3c00000, 0x00000000c3c00000, 0x00000000c3d00000|  0%| F|  |TS  8|AC  0|TAMS 0x00000000c3c00000, 0x00000000c3c00000|
|  61|0x00000000c3d00000, 0x00000000c3d00000, 0x00000000c3e00000|  0%| F|  |TS  8|AC  0|TAMS 0x00000000c3d00000, 0x00000000c3d00000|
|  62|0x00000000c3e00000, 0x00000000c3e00000, 0x00000000c3f00000|  0%| F|  |TS  8|AC  0|TAMS 0x00000000c3e00000, 0x00000000c3e00000|
|  63|0x00000000c3f00000, 0x00000000c3ffbe40, 0x00000000c4000000| 98%| S|CS|TS  9|AC  0|TAMS 0x00000000c3f00000, 0x00000000c3f00000|
|  64|0x00000000c4000000, 0x00000000c4100000, 0x00000000c4100000|100%| S|CS|TS  9|AC  0|TAMS 0x00000000c4000000, 0x00000000c4000000|
|  65|0x00000000c4100000, 0x00000000c4200000, 0x00000000c4200000|100%| S|CS|TS  9|AC  0|TAMS 0x00000000c4100000, 0x00000000c4100000|
|  66|0x00000000c4200000, 0x00000000c4200000, 0x00000000c4300000|  0%| F|  |TS  9|AC  0|TAMS 0x00000000c4200000, 0x00000000c4200000|
|  67|0x00000000c4300000, 0x00000000c4300000, 0x00000000c4400000|  0%| F|  |TS  9|AC  0|TAMS 0x00000000c4300000, 0x00000000c4300000|
|  68|0x00000000c4400000, 0x00000000c4400000, 0x00000000c4500000|  0%| F|  |TS  9|AC  0|TAMS 0x00000000c4400000, 0x00000000c4400000|
|  69|0x00000000c4500000, 0x00000000c4500000, 0x00000000c4600000|  0%| F|  |TS  9|AC  0|TAMS 0x00000000c4500000, 0x00000000c4500000|
|  70|0x00000000c4600000, 0x00000000c4600000, 0x00000000c4700000|  0%| F|  |TS  9|AC  0|TAMS 0x00000000c4600000, 0x00000000c4600000|
|  71|0x00000000c4700000, 0x00000000c4700000, 0x00000000c4800000|  0%| F|  |TS  9|AC  0|TAMS 0x00000000c4700000, 0x00000000c4700000|
|  72|0x00000000c4800000, 0x00000000c4900000, 0x00000000c4900000|100%| S|CS|TS  9|AC  0|TAMS 0x00000000c4800000, 0x00000000c4800000|
|  73|0x00000000c4900000, 0x00000000c4a00000, 0x00000000c4a00000|100%| S|CS|TS  9|AC  0|TAMS 0x00000000c4900000, 0x00000000c4900000|
|  74|0x00000000c4a00000, 0x00000000c4a00000, 0x00000000c4b00000|  0%| F|  |TS  9|AC  0|TAMS 0x00000000c4a00000, 0x00000000c4a00000|
|  75|0x00000000c4b00000, 0x00000000c4b00000, 0x00000000c4c00000|  0%| F|  |TS  9|AC  0|TAMS 0x00000000c4b00000, 0x00000000c4b00000|
|  76|0x00000000c4c00000, 0x00000000c4c00000, 0x00000000c4d00000|  0%| F|  |TS  9|AC  0|TAMS 0x00000000c4c00000, 0x00000000c4c00000|
|  77|0x00000000c4d00000, 0x00000000c4d00000, 0x00000000c4e00000|  0%| F|  |TS  9|AC  0|TAMS 0x00000000c4d00000, 0x00000000c4d00000|
|  78|0x00000000c4e00000, 0x00000000c4e00000, 0x00000000c4f00000|  0%| F|  |TS  9|AC  0|TAMS 0x00000000c4e00000, 0x00000000c4e00000|
|  79|0x00000000c4f00000, 0x00000000c4f00000, 0x00000000c5000000|  0%| F|  |TS  9|AC  0|TAMS 0x00000000c4f00000, 0x00000000c4f00000|
|  80|0x00000000c5000000, 0x00000000c5000000, 0x00000000c5100000|  0%| F|  |TS  9|AC  0|TAMS 0x00000000c5000000, 0x00000000c5000000|
|  81|0x00000000c5100000, 0x00000000c5100000, 0x00000000c5200000|  0%| F|  |TS  9|AC  0|TAMS 0x00000000c5100000, 0x00000000c5100000|
|  82|0x00000000c5200000, 0x00000000c5200000, 0x00000000c5300000|  0%| F|  |TS  9|AC  0|TAMS 0x00000000c5200000, 0x00000000c5200000|
|  83|0x00000000c5300000, 0x00000000c5300000, 0x00000000c5400000|  0%| F|  |TS  9|AC  0|TAMS 0x00000000c5300000, 0x00000000c5300000|
|  84|0x00000000c5400000, 0x00000000c5400000, 0x00000000c5500000|  0%| F|  |TS  9|AC  0|TAMS 0x00000000c5400000, 0x00000000c5400000|
|  85|0x00000000c5500000, 0x00000000c5500000, 0x00000000c5600000|  0%| F|  |TS  9|AC  0|TAMS 0x00000000c5500000, 0x00000000c5500000|
|  86|0x00000000c5600000, 0x00000000c5600000, 0x00000000c5700000|  0%| F|  |TS  9|AC  0|TAMS 0x00000000c5600000, 0x00000000c5600000|
|  87|0x00000000c5700000, 0x00000000c5700000, 0x00000000c5800000|  0%| F|  |TS  9|AC  0|TAMS 0x00000000c5700000, 0x00000000c5700000|
|  88|0x00000000c5800000, 0x00000000c5800000, 0x00000000c5900000|  0%| F|  |TS  9|AC  0|TAMS 0x00000000c5800000, 0x00000000c5800000|
|  89|0x00000000c5900000, 0x00000000c5900000, 0x00000000c5a00000|  0%| F|  |TS  9|AC  0|TAMS 0x00000000c5900000, 0x00000000c5900000|
|  90|0x00000000c5a00000, 0x00000000c5a00000, 0x00000000c5b00000|  0%| F|  |TS  9|AC  0|TAMS 0x00000000c5a00000, 0x00000000c5a00000|
|  91|0x00000000c5b00000, 0x00000000c5b00000, 0x00000000c5c00000|  0%| F|  |TS  9|AC  0|TAMS 0x00000000c5b00000, 0x00000000c5b00000|
|  92|0x00000000c5c00000, 0x00000000c5c00000, 0x00000000c5d00000|  0%| F|  |TS  9|AC  0|TAMS 0x00000000c5c00000, 0x00000000c5c00000|
|  93|0x00000000c5d00000, 0x00000000c5d00000, 0x00000000c5e00000|  0%| F|  |TS  9|AC  0|TAMS 0x00000000c5d00000, 0x00000000c5d00000|
|  94|0x00000000c5e00000, 0x00000000c5e00000, 0x00000000c5f00000|  0%| F|  |TS  9|AC  0|TAMS 0x00000000c5e00000, 0x00000000c5e00000|
|  95|0x00000000c5f00000, 0x00000000c5f00000, 0x00000000c6000000|  0%| F|  |TS  9|AC  0|TAMS 0x00000000c5f00000, 0x00000000c5f00000|
|  96|0x00000000c6000000, 0x00000000c6000000, 0x00000000c6100000|  0%| F|  |TS  9|AC  0|TAMS 0x00000000c6000000, 0x00000000c6000000|
|  97|0x00000000c6100000, 0x00000000c6100000, 0x00000000c6200000|  0%| F|  |TS  9|AC  0|TAMS 0x00000000c6100000, 0x00000000c6100000|
|  98|0x00000000c6200000, 0x00000000c6200000, 0x00000000c6300000|  0%| F|  |TS  9|AC  0|TAMS 0x00000000c6200000, 0x00000000c6200000|
|  99|0x00000000c6300000, 0x00000000c6300000, 0x00000000c6400000|  0%| F|  |TS  9|AC  0|TAMS 0x00000000c6300000, 0x00000000c6300000|
| 100|0x00000000c6400000, 0x00000000c6400000, 0x00000000c6500000|  0%| F|  |TS  9|AC  0|TAMS 0x00000000c6400000, 0x00000000c6400000|
| 101|0x00000000c6500000, 0x00000000c6500000, 0x00000000c6600000|  0%| F|  |TS  9|AC  0|TAMS 0x00000000c6500000, 0x00000000c6500000|
| 102|0x00000000c6600000, 0x00000000c6600000, 0x00000000c6700000|  0%| F|  |TS  9|AC  0|TAMS 0x00000000c6600000, 0x00000000c6600000|
| 103|0x00000000c6700000, 0x00000000c6700000, 0x00000000c6800000|  0%| F|  |TS  9|AC  0|TAMS 0x00000000c6700000, 0x00000000c6700000|
| 104|0x00000000c6800000, 0x00000000c6800000, 0x00000000c6900000|  0%| F|  |TS  9|AC  0|TAMS 0x00000000c6800000, 0x00000000c6800000|
| 105|0x00000000c6900000, 0x00000000c6900000, 0x00000000c6a00000|  0%| F|  |TS  9|AC  0|TAMS 0x00000000c6900000, 0x00000000c6900000|
| 106|0x00000000c6a00000, 0x00000000c6a00000, 0x00000000c6b00000|  0%| F|  |TS  9|AC  0|TAMS 0x00000000c6a00000, 0x00000000c6a00000|
| 107|0x00000000c6b00000, 0x00000000c6b00000, 0x00000000c6c00000|  0%| F|  |TS  9|AC  0|TAMS 0x00000000c6b00000, 0x00000000c6b00000|
| 108|0x00000000c6c00000, 0x00000000c6c00000, 0x00000000c6d00000|  0%| F|  |TS  9|AC  0|TAMS 0x00000000c6c00000, 0x00000000c6c00000|
| 109|0x00000000c6d00000, 0x00000000c6d00000, 0x00000000c6e00000|  0%| F|  |TS  9|AC  0|TAMS 0x00000000c6d00000, 0x00000000c6d00000|
| 110|0x00000000c6e00000, 0x00000000c6e00000, 0x00000000c6f00000|  0%| F|  |TS  9|AC  0|TAMS 0x00000000c6e00000, 0x00000000c6e00000|
| 111|0x00000000c6f00000, 0x00000000c6f00000, 0x00000000c7000000|  0%| F|  |TS  9|AC  0|TAMS 0x00000000c6f00000, 0x00000000c6f00000|
| 112|0x00000000c7000000, 0x00000000c7000000, 0x00000000c7100000|  0%| F|  |TS  9|AC  0|TAMS 0x00000000c7000000, 0x00000000c7000000|
| 113|0x00000000c7100000, 0x00000000c7100000, 0x00000000c7200000|  0%| F|  |TS  9|AC  0|TAMS 0x00000000c7100000, 0x00000000c7100000|
| 114|0x00000000c7200000, 0x00000000c7200000, 0x00000000c7300000|  0%| F|  |TS  9|AC  0|TAMS 0x00000000c7200000, 0x00000000c7200000|
| 115|0x00000000c7300000, 0x00000000c7300000, 0x00000000c7400000|  0%| F|  |TS  9|AC  0|TAMS 0x00000000c7300000, 0x00000000c7300000|
| 116|0x00000000c7400000, 0x00000000c7400000, 0x00000000c7500000|  0%| F|  |TS  9|AC  0|TAMS 0x00000000c7400000, 0x00000000c7400000|
| 117|0x00000000c7500000, 0x00000000c7500000, 0x00000000c7600000|  0%| F|  |TS  9|AC  0|TAMS 0x00000000c7500000, 0x00000000c7500000|
| 118|0x00000000c7600000, 0x00000000c7600000, 0x00000000c7700000|  0%| F|  |TS  9|AC  0|TAMS 0x00000000c7600000, 0x00000000c7600000|
| 119|0x00000000c7700000, 0x00000000c7700000, 0x00000000c7800000|  0%| F|  |TS  9|AC  0|TAMS 0x00000000c7700000, 0x00000000c7700000|

Card table byte_map: [0x00007f38f7c00000,0x00007f38f7e00000] byte_map_base: 0x00007f38f7600000

Marking Bits (Prev, Next): (CMBitMap*) 0x0000000001784700, (CMBitMap*) 0x0000000001784738
 Prev Bits: [0x00007f38f6a00000, 0x00007f38f7a00000)
 Next Bits: [0x00007f38f5a00000, 0x00007f38f6a00000)

Polling page: 0x00007f3926558000

CodeHeap 'non-profiled nmethods': size=120032Kb used=375Kb max_used=375Kb free=119656Kb
 bounds [0x00007f390c633000, 0x00007f390c8a3000, 0x00007f3913b6b000]
CodeHeap 'profiled nmethods': size=120032Kb used=970Kb max_used=970Kb free=119061Kb
 bounds [0x00007f39050fb000, 0x00007f390536b000, 0x00007f390c633000]
CodeHeap 'non-nmethods': size=5696Kb used=1010Kb max_used=1036Kb free=4685Kb
 bounds [0x00007f3904b6b000, 0x00007f3904ddb000, 0x00007f39050fb000]
 total_blobs=1081 nmethods=498 adapters=210
 compilation: enabled

Compilation events (10 events):
Event: 0.715 Thread 0x0000000001938000 nmethod 496% 0x00007f39051e9890 code [0x00007f39051e9a60, 0x00007f39051e9cf0]
Event: 0.715 Thread 0x0000000001938000  497       3       java.lang.AbstractStringBuilder::appendChars (130 bytes)
Event: 0.715 Thread 0x0000000001938000 nmethod 497 0x00007f39051e9e10 code [0x00007f39051ea080, 0x00007f39051eaba8]
Event: 0.727 Thread 0x0000000001936000 nmethod 493% 0x00007f390c68dc10 code [0x00007f390c68df20, 0x00007f390c68fb60]
Event: 0.736 Thread 0x0000000001938000  498       1       java.nio.ByteBuffer::position (6 bytes)
Event: 0.736 Thread 0x0000000001938000 nmethod 498 0x00007f390c690b90 code [0x00007f390c690d40, 0x00007f390c690e68]
Event: 0.743 Thread 0x0000000001938000  499       3       sun.nio.cs.UTF_8$Decoder::decodeLoop (28 bytes)
Event: 0.743 Thread 0x0000000001938000 nmethod 499 0x00007f39051eb190 code [0x00007f39051eb380, 0x00007f39051eb7b8]
Event: 0.743 Thread 0x0000000001938000  500   !   3       java.nio.charset.CharsetDecoder::decode (287 bytes)
Event: 0.744 Thread 0x0000000001938000 nmethod 500 0x00007f39051eb910 code [0x00007f39051ebc60, 0x00007f39051ed198]

GC Heap History (10 events):
Event: 0.440 GC heap after
{Heap after GC invocations=4 (full 0):
 garbage-first heap   total 61440K, used 17016K [0x00000000c0000000, 0x0000000100000000)
  region size 1024K, 4 young (4096K), 4 survivors (4096K)
 Metaspace       used 5513K, capacity 5568K, committed 5632K, reserved 1056768K
  class space    used 464K, capacity 496K, committed 512K, reserved 1048576K
}
Event: 0.481 GC heap before
{Heap before GC invocations=4 (full 0):
 garbage-first heap   total 61440K, used 41592K [0x00000000c0000000, 0x0000000100000000)
  region size 1024K, 28 young (28672K), 4 survivors (4096K)
 Metaspace       used 5515K, capacity 5568K, committed 5632K, reserved 1056768K
  class space    used 464K, capacity 496K, committed 512K, reserved 1048576K
}
Event: 0.491 GC heap after
{Heap after GC invocations=5 (full 0):
 garbage-first heap   total 122880K, used 20542K [0x00000000c0000000, 0x0000000100000000)
  region size 1024K, 4 young (4096K), 4 survivors (4096K)
 Metaspace       used 5515K, capacity 5568K, committed 5632K, reserved 1056768K
  class space    used 464K, capacity 496K, committed 512K, reserved 1048576K
}
Event: 0.558 GC heap before
{Heap before GC invocations=5 (full 0):
 garbage-first heap   total 122880K, used 64574K [0x00000000c0000000, 0x0000000100000000)
  region size 1024K, 46 young (47104K), 4 survivors (4096K)
 Metaspace       used 5524K, capacity 5568K, committed 5632K, reserved 1056768K
  class space    used 464K, capacity 496K, committed 512K, reserved 1048576K
}
Event: 0.571 GC heap after
{Heap after GC invocations=6 (full 0):
 garbage-first heap   total 122880K, used 27120K [0x00000000c0000000, 0x0000000100000000)
  region size 1024K, 6 young (6144K), 6 survivors (6144K)
 Metaspace       used 5524K, capacity 5568K, committed 5632K, reserved 1056768K
  class space    used 464K, capacity 496K, committed 512K, reserved 1048576K
}
Event: 0.624 GC heap before
{Heap before GC invocations=6 (full 0):
 garbage-first heap   total 122880K, used 76272K [0x00000000c0000000, 0x0000000100000000)
  region size 1024K, 54 young (55296K), 6 survivors (6144K)
 Metaspace       used 5526K, capacity 5568K, committed 5632K, reserved 1056768K
  class space    used 464K, capacity 496K, committed 512K, reserved 1048576K
}
Event: 0.642 GC heap after
{Heap after GC invocations=7 (full 0):
 garbage-first heap   total 122880K, used 33254K [0x00000000c0000000, 0x0000000100000000)
  region size 1024K, 6 young (6144K), 6 survivors (6144K)
 Metaspace       used 5526K, capacity 5568K, committed 5632K, reserved 1056768K
  class space    used 464K, capacity 496K, committed 512K, reserved 1048576K
}
Event: 0.688 GC heap before
{Heap before GC invocations=7 (full 0):
 garbage-first heap   total 122880K, used 82406K [0x00000000c0000000, 0x0000000100000000)
  region size 1024K, 54 young (55296K), 6 survivors (6144K)
 Metaspace       used 5527K, capacity 5568K, committed 5632K, reserved 1056768K
  class space    used 464K, capacity 496K, committed 512K, reserved 1048576K
}
Event: 0.704 GC heap after
{Heap after GC invocations=8 (full 0):
 garbage-first heap   total 122880K, used 39058K [0x00000000c0000000, 0x0000000100000000)
  region size 1024K, 6 young (6144K), 6 survivors (6144K)
 Metaspace       used 5527K, capacity 5568K, committed 5632K, reserved 1056768K
  class space    used 464K, capacity 496K, committed 512K, reserved 1048576K
}
Event: 0.746 GC heap before
{Heap before GC invocations=8 (full 0):
 garbage-first heap   total 122880K, used 86162K [0x00000000c0000000, 0x0000000100000000)
  region size 1024K, 52 young (53248K), 6 survivors (6144K)
 Metaspace       used 5532K, capacity 5632K, committed 5888K, reserved 1056768K
  class space    used 464K, capacity 496K, committed 512K, reserved 1048576K
}

Deoptimization events (10 events):
Event: 0.408 Thread 0x0000000001734000 Uncommon trap: reason=class_check action=maybe_recompile pc=0x00007f390c660588 method=jdk.internal.math.FloatingDecimal.parseFloat(Ljava/lang/String;)F @ 4 c2
Event: 0.408 Thread 0x0000000001734000 Uncommon trap: reason=class_check action=maybe_recompile pc=0x00007f390c660588 method=jdk.internal.math.FloatingDecimal.parseFloat(Ljava/lang/String;)F @ 4 c2
Event: 0.410 Thread 0x0000000001734000 Uncommon trap: reason=unstable_if action=reinterpret pc=0x00007f390c64a940 method=jdk.internal.math.FDBigInteger.cmp(Ljdk/internal/math/FDBigInteger;)I @ 22 c2
Event: 0.508 Thread 0x0000000001734000 Uncommon trap: reason=class_check action=maybe_recompile pc=0x00007f390c652f68 method=java.util.Hashtable.addEntry(ILjava/lang/Object;Ljava/lang/Object;I)V @ 28 c2
Event: 0.543 Thread 0x0000000001734000 Uncommon trap: reason=unstable_if action=reinterpret pc=0x00007f390c680fd8 method=java.lang.Long.stringSize(J)I @ 24 c2
Event: 0.603 Thread 0x0000000001734000 Uncommon trap: reason=class_check action=maybe_recompile pc=0x00007f390c652f68 method=java.util.Hashtable.addEntry(ILjava/lang/Object;Ljava/lang/Object;I)V @ 28 c2
Event: 0.610 Thread 0x0000000001734000 Uncommon trap: reason=unstable_if action=reinterpret pc=0x00007f390c67ed58 method=java.lang.Long.stringSize(J)I @ 24 c2
Event: 0.618 Thread 0x0000000001734000 Uncommon trap: reason=unstable_if action=reinterpret pc=0x00007f390c665fc0 method=java.lang.AbstractStringBuilder.append(Ljava/lang/String;)Ljava/lang/AbstractStringBuilder; @ 1 c2
Event: 0.618 Thread 0x0000000001734000 Uncommon trap: reason=unstable_if action=reinterpret pc=0x00007f390c664f90 method=java.lang.AbstractStringBuilder.append(Ljava/lang/String;)Ljava/lang/AbstractStringBuilder; @ 1 c2
Event: 0.618 Thread 0x0000000001734000 Uncommon trap: reason=unstable_if action=reinterpret pc=0x00007f390c64cb28 method=java.lang.Long.stringSize(J)I @ 24 c2

Classes redefined (0 events):
No events

Internal exceptions (4 events):
Event: 0.130 Thread 0x0000000001734000 Exception <a 'java/security/PrivilegedActionException'{0x00000000c3a3d3e8}> (0x00000000c3a3d3e8) thrown at [/build/openjdk-lts-xioZJb/openjdk-lts-10.0.2+13/src/hotspot/share/prims/jvm.cpp, line 1345]
Event: 0.130 Thread 0x0000000001734000 Exception <a 'java/security/PrivilegedActionException'{0x00000000c3a3d6b8}> (0x00000000c3a3d6b8) thrown at [/build/openjdk-lts-xioZJb/openjdk-lts-10.0.2+13/src/hotspot/share/prims/jvm.cpp, line 1345]
Event: 0.618 Thread 0x0000000001734000 Implicit null exception at 0x00007f390c665614 to 0x00007f390c665faa
Event: 0.618 Thread 0x0000000001734000 Implicit null exception at 0x00007f390c664614 to 0x00007f390c664f7a

Events (10 events):
Event: 0.618 Thread 0x0000000001734000 Uncommon trap: trap_request=0xffffff55 fr.pc=0x00007f390c64cb28 relative=0x0000000000000188
Event: 0.618 Thread 0x0000000001734000 DEOPT PACKING pc=0x00007f390c64cb28 sp=0x00007ffc8436c740
Event: 0.618 Thread 0x0000000001734000 DEOPT UNPACKING pc=0x00007f3904b92fa5 sp=0x00007ffc8436c6c8 mode 2
Event: 0.624 Executing VM operation: G1IncCollectionPause
Event: 0.642 Executing VM operation: G1IncCollectionPause done
Event: 0.688 Executing VM operation: G1IncCollectionPause
Event: 0.704 Executing VM operation: G1IncCollectionPause done
Event: 0.728 Thread 0x0000000001734000 DEOPT PACKING pc=0x00007f39051e16fb sp=0x00007ffc8436c780
Event: 0.728 Thread 0x0000000001734000 DEOPT UNPACKING pc=0x00007f3904b92dba sp=0x00007ffc8436bd80 mode 0
Event: 0.746 Executing VM operation: G1IncCollectionPause


Dynamic libraries:
00400000-007be000 r-xp 00000000 08:06 393328                             /usr/bin/python3.6
009bd000-009be000 r--p 003bd000 08:06 393328                             /usr/bin/python3.6
009be000-00a5b000 rw-p 003be000 08:06 393328                             /usr/bin/python3.6
00a5b000-00a8f000 rw-p 00000000 00:00 0 
010f5000-01b1c000 rw-p 00000000 00:00 0                                  [heap]
c0000000-c7800000 rw-p 00000000 00:00 0 
d1800000-100000000 ---p 00000000 00:00 0 
100000000-100080000 rw-p 00000000 00:00 0 
100080000-140000000 ---p 00000000 00:00 0 
7f38a0000000-7f38a0021000 rw-p 00000000 00:00 0 
7f38a0021000-7f38a4000000 ---p 00000000 00:00 0 
7f38a4000000-7f38a4021000 rw-p 00000000 00:00 0 
7f38a4021000-7f38a8000000 ---p 00000000 00:00 0 
7f38a8000000-7f38a8021000 rw-p 00000000 00:00 0 
7f38a8021000-7f38ac000000 ---p 00000000 00:00 0 
7f38ac000000-7f38ac021000 rw-p 00000000 00:00 0 
7f38ac021000-7f38b0000000 ---p 00000000 00:00 0 
7f38b0000000-7f38b03a3000 rw-p 00000000 00:00 0 
7f38b03a3000-7f38b4000000 ---p 00000000 00:00 0 
7f38b4000000-7f38b4021000 rw-p 00000000 00:00 0 
7f38b4021000-7f38b8000000 ---p 00000000 00:00 0 
7f38b8000000-7f38b84e2000 rw-p 00000000 00:00 0 
7f38b84e2000-7f38bc000000 ---p 00000000 00:00 0 
7f38bc000000-7f38bc44c000 rw-p 00000000 00:00 0 
7f38bc44c000-7f38c0000000 ---p 00000000 00:00 0 
7f38c0000000-7f38c0021000 rw-p 00000000 00:00 0 
7f38c0021000-7f38c4000000 ---p 00000000 00:00 0 
7f38c4000000-7f38c4021000 rw-p 00000000 00:00 0 
7f38c4021000-7f38c8000000 ---p 00000000 00:00 0 
7f38c8000000-7f38c803a000 rw-p 00000000 00:00 0 
7f38c803a000-7f38cc000000 ---p 00000000 00:00 0 
7f38cc000000-7f38cc021000 rw-p 00000000 00:00 0 
7f38cc021000-7f38d0000000 ---p 00000000 00:00 0 
7f38d0000000-7f38d0021000 rw-p 00000000 00:00 0 
7f38d0021000-7f38d4000000 ---p 00000000 00:00 0 
7f38d4000000-7f38d4021000 rw-p 00000000 00:00 0 
7f38d4021000-7f38d8000000 ---p 00000000 00:00 0 
7f38d8000000-7f38d8021000 rw-p 00000000 00:00 0 
7f38d8021000-7f38dc000000 ---p 00000000 00:00 0 
7f38dc000000-7f38dc021000 rw-p 00000000 00:00 0 
7f38dc021000-7f38e0000000 ---p 00000000 00:00 0 
7f38e0000000-7f38e0021000 rw-p 00000000 00:00 0 
7f38e0021000-7f38e4000000 ---p 00000000 00:00 0 
7f38e4000000-7f38e4021000 rw-p 00000000 00:00 0 
7f38e4021000-7f38e8000000 ---p 00000000 00:00 0 
7f38e96d0000-7f38e96e7000 r-xp 00000000 08:06 1187925                    /usr/lib/jvm/java-11-openjdk-amd64/lib/libnet.so
7f38e96e7000-7f38e98e6000 ---p 00017000 08:06 1187925                    /usr/lib/jvm/java-11-openjdk-amd64/lib/libnet.so
7f38e98e6000-7f38e98e7000 r--p 00016000 08:06 1187925                    /usr/lib/jvm/java-11-openjdk-amd64/lib/libnet.so
7f38e98e7000-7f38e98e8000 rw-p 00017000 08:06 1187925                    /usr/lib/jvm/java-11-openjdk-amd64/lib/libnet.so
7f38e98e8000-7f38e98f9000 r-xp 00000000 08:06 1187926                    /usr/lib/jvm/java-11-openjdk-amd64/lib/libnio.so
7f38e98f9000-7f38e9af8000 ---p 00011000 08:06 1187926                    /usr/lib/jvm/java-11-openjdk-amd64/lib/libnio.so
7f38e9af8000-7f38e9af9000 r--p 00010000 08:06 1187926                    /usr/lib/jvm/java-11-openjdk-amd64/lib/libnio.so
7f38e9af9000-7f38e9afa000 rw-p 00011000 08:06 1187926                    /usr/lib/jvm/java-11-openjdk-amd64/lib/libnio.so
7f38e9afa000-7f38e9afe000 ---p 00000000 00:00 0 
7f38e9afe000-7f38e9bfb000 rw-p 00000000 00:00 0 
7f38e9bfb000-7f38e9bff000 ---p 00000000 00:00 0 
7f38e9bff000-7f38e9cfc000 rw-p 00000000 00:00 0 
7f38e9cfc000-7f38e9cfd000 ---p 00000000 00:00 0 
7f38e9cfd000-7f38e9dfe000 rw-p 00000000 00:00 0 
7f38e9dfe000-7f38e9e02000 ---p 00000000 00:00 0 
7f38e9e02000-7f38e9eff000 rw-p 00000000 00:00 0 
7f38e9eff000-7f38e9f03000 ---p 00000000 00:00 0 
7f38e9f03000-7f38ec000000 rw-p 00000000 00:00 0 
7f38ec000000-7f38ec021000 rw-p 00000000 00:00 0 
7f38ec021000-7f38f0000000 ---p 00000000 00:00 0 
7f38f0000000-7f38f0021000 rw-p 00000000 00:00 0 
7f38f0021000-7f38f4000000 ---p 00000000 00:00 0 
7f38f40e8000-7f38f40ec000 ---p 00000000 00:00 0 
7f38f40ec000-7f38f41e9000 rw-p 00000000 00:00 0 
7f38f41e9000-7f38f41ed000 ---p 00000000 00:00 0 
7f38f41ed000-7f38f42ea000 rw-p 00000000 00:00 0 
7f38f42ea000-7f38f42ee000 ---p 00000000 00:00 0 
7f38f42ee000-7f38f43eb000 rw-p 00000000 00:00 0 
7f38f43eb000-7f38f43ef000 ---p 00000000 00:00 0 
7f38f43ef000-7f38f44ec000 rw-p 00000000 00:00 0 
7f38f44ec000-7f38f44f0000 ---p 00000000 00:00 0 
7f38f44f0000-7f38f45ed000 rw-p 00000000 00:00 0 
7f38f45ed000-7f38f45f1000 ---p 00000000 00:00 0 
7f38f45f1000-7f38f46ee000 rw-p 00000000 00:00 0 
7f38f46ee000-7f38f46ef000 ---p 00000000 00:00 0 
7f38f46ef000-7f38f4d30000 rw-p 00000000 00:00 0 
7f38f4d30000-7f38f4ff0000 ---p 00000000 00:00 0 
7f38f4ff0000-7f38f4ff1000 ---p 00000000 00:00 0 
7f38f4ff1000-7f38f50f2000 rw-p 00000000 00:00 0 
7f38f50f2000-7f38f50f3000 ---p 00000000 00:00 0 
7f38f50f3000-7f38f51f4000 rw-p 00000000 00:00 0 
7f38f51f4000-7f38f51f5000 ---p 00000000 00:00 0 
7f38f51f5000-7f38f52f6000 rw-p 00000000 00:00 0 
7f38f52f6000-7f38f52f7000 ---p 00000000 00:00 0 
7f38f52f7000-7f38f53f8000 rw-p 00000000 00:00 0 
7f38f53f8000-7f38f53f9000 ---p 00000000 00:00 0 
7f38f53f9000-7f38f58fe000 rw-p 00000000 00:00 0 
7f38f58fe000-7f38f58ff000 ---p 00000000 00:00 0 
7f38f58ff000-7f38f5be0000 rw-p 00000000 00:00 0 
7f38f5be0000-7f38f6a00000 ---p 00000000 00:00 0 
7f38f6a00000-7f38f6be0000 rw-p 00000000 00:00 0 
7f38f6be0000-7f38f7a00000 ---p 00000000 00:00 0 
7f38f7a00000-7f38f7a3c000 rw-p 00000000 00:00 0 
7f38f7a3c000-7f38f7c00000 ---p 00000000 00:00 0 
7f38f7c00000-7f38f7c3c000 rw-p 00000000 00:00 0 
7f38f7c3c000-7f38f7e00000 ---p 00000000 00:00 0 
7f38f7e00000-7f38f7e3c000 rw-p 00000000 00:00 0 
7f38f7e3c000-7f38f8000000 ---p 00000000 00:00 0 
7f38f8000000-7f38f8021000 rw-p 00000000 00:00 0 
7f38f8021000-7f38fc000000 ---p 00000000 00:00 0 
7f38fc000000-7f38fc021000 rw-p 00000000 00:00 0 
7f38fc021000-7f3900000000 ---p 00000000 00:00 0 
7f3900000000-7f3900021000 rw-p 00000000 00:00 0 
7f3900021000-7f3904000000 ---p 00000000 00:00 0 
7f3904047000-7f3904048000 ---p 00000000 00:00 0 
7f3904048000-7f390458d000 rw-p 00000000 00:00 0 
7f390458d000-7f390458e000 ---p 00000000 00:00 0 
7f390458e000-7f390468f000 rw-p 00000000 00:00 0 
7f390468f000-7f3904690000 ---p 00000000 00:00 0 
7f3904690000-7f3904791000 rw-p 00000000 00:00 0 
7f3904791000-7f3904792000 ---p 00000000 00:00 0 
7f3904792000-7f3904893000 rw-p 00000000 00:00 0 
7f3904893000-7f3904894000 ---p 00000000 00:00 0 
7f3904894000-7f390499a000 rw-p 00000000 00:00 0 
7f390499a000-7f3904a80000 ---p 00000000 00:00 0 
7f3904a80000-7f3904a85000 rw-p 00000000 00:00 0 
7f3904a85000-7f3904b6b000 ---p 00000000 00:00 0 
7f3904b6b000-7f3904ddb000 rwxp 00000000 00:00 0 
7f3904ddb000-7f39050fb000 ---p 00000000 00:00 0 
7f39050fb000-7f390536b000 rwxp 00000000 00:00 0 
7f390536b000-7f390c633000 ---p 00000000 00:00 0 
7f390c633000-7f390c8a3000 rwxp 00000000 00:00 0 
7f390c8a3000-7f3913b6b000 ---p 00000000 00:00 0 
7f3913b6b000-7f391d045000 r--s 00000000 08:06 1187935                    /usr/lib/jvm/java-11-openjdk-amd64/lib/modules
7f391d045000-7f391d04a000 r-xp 00000000 08:06 1187917                    /usr/lib/jvm/java-11-openjdk-amd64/lib/libjimage.so
7f391d04a000-7f391d249000 ---p 00005000 08:06 1187917                    /usr/lib/jvm/java-11-openjdk-amd64/lib/libjimage.so
7f391d249000-7f391d24a000 r--p 00004000 08:06 1187917                    /usr/lib/jvm/java-11-openjdk-amd64/lib/libjimage.so
7f391d24a000-7f391d24b000 rw-p 00005000 08:06 1187917                    /usr/lib/jvm/java-11-openjdk-amd64/lib/libjimage.so
7f391d24b000-7f391d252000 r-xp 00000000 08:06 1187934                    /usr/lib/jvm/java-11-openjdk-amd64/lib/libzip.so
7f391d252000-7f391d451000 ---p 00007000 08:06 1187934                    /usr/lib/jvm/java-11-openjdk-amd64/lib/libzip.so
7f391d451000-7f391d452000 r--p 00006000 08:06 1187934                    /usr/lib/jvm/java-11-openjdk-amd64/lib/libzip.so
7f391d452000-7f391d453000 rw-p 00007000 08:06 1187934                    /usr/lib/jvm/java-11-openjdk-amd64/lib/libzip.so
7f391d453000-7f391d45e000 r-xp 00000000 08:06 659892                     /lib/x86_64-linux-gnu/libnss_files-2.27.so
7f391d45e000-7f391d65d000 ---p 0000b000 08:06 659892                     /lib/x86_64-linux-gnu/libnss_files-2.27.so
7f391d65d000-7f391d65e000 r--p 0000a000 08:06 659892                     /lib/x86_64-linux-gnu/libnss_files-2.27.so
7f391d65e000-7f391d65f000 rw-p 0000b000 08:06 659892                     /lib/x86_64-linux-gnu/libnss_files-2.27.so
7f391d65f000-7f391d665000 rw-p 00000000 00:00 0 
7f391d665000-7f391d67c000 r-xp 00000000 08:06 659886                     /lib/x86_64-linux-gnu/libnsl-2.27.so
7f391d67c000-7f391d87b000 ---p 00017000 08:06 659886                     /lib/x86_64-linux-gnu/libnsl-2.27.so
7f391d87b000-7f391d87c000 r--p 00016000 08:06 659886                     /lib/x86_64-linux-gnu/libnsl-2.27.so
7f391d87c000-7f391d87d000 rw-p 00017000 08:06 659886                     /lib/x86_64-linux-gnu/libnsl-2.27.so
7f391d87d000-7f391d87f000 rw-p 00000000 00:00 0 
7f391d87f000-7f391d88a000 r-xp 00000000 08:06 659903                     /lib/x86_64-linux-gnu/libnss_nis-2.27.so
7f391d88a000-7f391da89000 ---p 0000b000 08:06 659903                     /lib/x86_64-linux-gnu/libnss_nis-2.27.so
7f391da89000-7f391da8a000 r--p 0000a000 08:06 659903                     /lib/x86_64-linux-gnu/libnss_nis-2.27.so
7f391da8a000-7f391da8b000 rw-p 0000b000 08:06 659903                     /lib/x86_64-linux-gnu/libnss_nis-2.27.so
7f391da8b000-7f391da93000 r-xp 00000000 08:06 659888                     /lib/x86_64-linux-gnu/libnss_compat-2.27.so
7f391da93000-7f391dc93000 ---p 00008000 08:06 659888                     /lib/x86_64-linux-gnu/libnss_compat-2.27.so
7f391dc93000-7f391dc94000 r--p 00008000 08:06 659888                     /lib/x86_64-linux-gnu/libnss_compat-2.27.so
7f391dc94000-7f391dc95000 rw-p 00009000 08:06 659888                     /lib/x86_64-linux-gnu/libnss_compat-2.27.so
7f391dc95000-7f391dcc1000 r-xp 00000000 08:06 1187913                    /usr/lib/jvm/java-11-openjdk-amd64/lib/libjava.so
7f391dcc1000-7f391dec0000 ---p 0002c000 08:06 1187913                    /usr/lib/jvm/java-11-openjdk-amd64/lib/libjava.so
7f391dec0000-7f391dec1000 r--p 0002b000 08:06 1187913                    /usr/lib/jvm/java-11-openjdk-amd64/lib/libjava.so
7f391dec1000-7f391dec3000 rw-p 0002c000 08:06 1187913                    /usr/lib/jvm/java-11-openjdk-amd64/lib/libjava.so
7f391dec3000-7f391ded0000 r-xp 00000000 08:06 1187933                    /usr/lib/jvm/java-11-openjdk-amd64/lib/libverify.so
7f391ded0000-7f391e0cf000 ---p 0000d000 08:06 1187933                    /usr/lib/jvm/java-11-openjdk-amd64/lib/libverify.so
7f391e0cf000-7f391e0d1000 r--p 0000c000 08:06 1187933                    /usr/lib/jvm/java-11-openjdk-amd64/lib/libverify.so
7f391e0d1000-7f391e0d2000 rw-p 0000e000 08:06 1187933                    /usr/lib/jvm/java-11-openjdk-amd64/lib/libverify.so
7f391e0d2000-7f391e0d9000 r-xp 00000000 08:06 659943                     /lib/x86_64-linux-gnu/librt-2.27.so
7f391e0d9000-7f391e2d8000 ---p 00007000 08:06 659943                     /lib/x86_64-linux-gnu/librt-2.27.so
7f391e2d8000-7f391e2d9000 r--p 00006000 08:06 659943                     /lib/x86_64-linux-gnu/librt-2.27.so
7f391e2d9000-7f391e2da000 rw-p 00007000 08:06 659943                     /lib/x86_64-linux-gnu/librt-2.27.so
7f391e2da000-7f391f277000 r-xp 00000000 08:06 1187940                    /usr/lib/jvm/java-11-openjdk-amd64/lib/server/libjvm.so
7f391f277000-7f391f477000 ---p 00f9d000 08:06 1187940                    /usr/lib/jvm/java-11-openjdk-amd64/lib/server/libjvm.so
7f391f477000-7f391f53b000 r--p 00f9d000 08:06 1187940                    /usr/lib/jvm/java-11-openjdk-amd64/lib/server/libjvm.so
7f391f53b000-7f391f573000 rw-p 01061000 08:06 1187940                    /usr/lib/jvm/java-11-openjdk-amd64/lib/server/libjvm.so
7f391f573000-7f391f83d000 rw-p 00000000 00:00 0 
7f391f83d000-7f391fb52000 r-xp 00000000 08:06 1065752                    /home/d134/.local/lib/python3.6/site-packages/cryptography/hazmat/bindings/_openssl.abi3.so
7f391fb52000-7f391fd52000 ---p 00315000 08:06 1065752                    /home/d134/.local/lib/python3.6/site-packages/cryptography/hazmat/bindings/_openssl.abi3.so
7f391fd52000-7f391fd97000 rw-p 00315000 08:06 1065752                    /home/d134/.local/lib/python3.6/site-packages/cryptography/hazmat/bindings/_openssl.abi3.so
7f391fd97000-7f391fe1b000 rw-p 00000000 00:00 0 
7f391fe1b000-7f391fe22000 r-xp 00000000 08:06 1065640                    /home/d134/.local/lib/python3.6/site-packages/.libs_cffi_backend/libffi-d78936b1.so.6.0.4
7f391fe22000-7f3920022000 ---p 00007000 08:06 1065640                    /home/d134/.local/lib/python3.6/site-packages/.libs_cffi_backend/libffi-d78936b1.so.6.0.4
7f3920022000-7f3920023000 rw-p 00007000 08:06 1065640                    /home/d134/.local/lib/python3.6/site-packages/.libs_cffi_backend/libffi-d78936b1.so.6.0.4
7f3920023000-7f3920024000 rw-p 00024000 08:06 1065640                    /home/d134/.local/lib/python3.6/site-packages/.libs_cffi_backend/libffi-d78936b1.so.6.0.4
7f3920024000-7f392004e000 r-xp 00000000 08:06 926267                     /home/d134/.local/lib/python3.6/site-packages/_cffi_backend.cpython-36m-x86_64-linux-gnu.so
7f392004e000-7f392024d000 ---p 0002a000 08:06 926267                     /home/d134/.local/lib/python3.6/site-packages/_cffi_backend.cpython-36m-x86_64-linux-gnu.so
7f392024d000-7f3920253000 rw-p 00029000 08:06 926267                     /home/d134/.local/lib/python3.6/site-packages/_cffi_backend.cpython-36m-x86_64-linux-gnu.so
7f3920253000-7f3920256000 rw-p 00000000 00:00 0 
7f3920256000-7f392025a000 rw-p 000c8000 08:06 926267                     /home/d134/.local/lib/python3.6/site-packages/_cffi_backend.cpython-36m-x86_64-linux-gnu.so
7f392025a000-7f392025c000 r-xp 00000000 08:06 1065754                    /home/d134/.local/lib/python3.6/site-packages/cryptography/hazmat/bindings/_constant_time.abi3.so
7f392025c000-7f392045b000 ---p 00002000 08:06 1065754                    /home/d134/.local/lib/python3.6/site-packages/cryptography/hazmat/bindings/_constant_time.abi3.so
7f392045b000-7f392045c000 rw-p 00001000 08:06 1065754                    /home/d134/.local/lib/python3.6/site-packages/cryptography/hazmat/bindings/_constant_time.abi3.so
7f392045c000-7f39206dc000 rw-p 00000000 00:00 0 
7f39206dc000-7f39206e0000 r-xp 00000000 08:06 400093                     /usr/lib/python3.6/lib-dynload/termios.cpython-36m-x86_64-linux-gnu.so
7f39206e0000-7f39208df000 ---p 00004000 08:06 400093                     /usr/lib/python3.6/lib-dynload/termios.cpython-36m-x86_64-linux-gnu.so
7f39208df000-7f39208e0000 r--p 00003000 08:06 400093                     /usr/lib/python3.6/lib-dynload/termios.cpython-36m-x86_64-linux-gnu.so
7f39208e0000-7f39208e2000 rw-p 00004000 08:06 400093                     /usr/lib/python3.6/lib-dynload/termios.cpython-36m-x86_64-linux-gnu.so
7f39208e2000-7f3920a22000 rw-p 00000000 00:00 0 
7f3920a22000-7f3920a39000 r-xp 00000000 08:06 659735                     /lib/x86_64-linux-gnu/libgcc_s.so.1
7f3920a39000-7f3920c38000 ---p 00017000 08:06 659735                     /lib/x86_64-linux-gnu/libgcc_s.so.1
7f3920c38000-7f3920c39000 r--p 00016000 08:06 659735                     /lib/x86_64-linux-gnu/libgcc_s.so.1
7f3920c39000-7f3920c3a000 rw-p 00017000 08:06 659735                     /lib/x86_64-linux-gnu/libgcc_s.so.1
7f3920c3a000-7f3920db3000 r-xp 00000000 08:06 392748                     /usr/lib/x86_64-linux-gnu/libstdc++.so.6.0.25
7f3920db3000-7f3920fb3000 ---p 00179000 08:06 392748                     /usr/lib/x86_64-linux-gnu/libstdc++.so.6.0.25
7f3920fb3000-7f3920fbd000 r--p 00179000 08:06 392748                     /usr/lib/x86_64-linux-gnu/libstdc++.so.6.0.25
7f3920fbd000-7f3920fbf000 rw-p 00183000 08:06 392748                     /usr/lib/x86_64-linux-gnu/libstdc++.so.6.0.25
7f3920fbf000-7f3920fc3000 rw-p 00000000 00:00 0 
7f3920fc3000-7f3921036000 r-xp 00000000 08:06 925781                     /home/d134/.local/lib/python3.6/site-packages/_jpype.cpython-36m-x86_64-linux-gnu.so
7f3921036000-7f3921235000 ---p 00073000 08:06 925781                     /home/d134/.local/lib/python3.6/site-packages/_jpype.cpython-36m-x86_64-linux-gnu.so
7f3921235000-7f3921237000 r--p 00072000 08:06 925781                     /home/d134/.local/lib/python3.6/site-packages/_jpype.cpython-36m-x86_64-linux-gnu.so
7f3921237000-7f392123a000 rw-p 00074000 08:06 925781                     /home/d134/.local/lib/python3.6/site-packages/_jpype.cpython-36m-x86_64-linux-gnu.so
7f392123a000-7f39212fa000 rw-p 00000000 00:00 0 
7f39212fa000-7f3921303000 r-xp 00000000 08:06 526062                     /usr/lib/python3/dist-packages/simplejson/_speedups.cpython-36m-x86_64-linux-gnu.so
7f3921303000-7f3921502000 ---p 00009000 08:06 526062                     /usr/lib/python3/dist-packages/simplejson/_speedups.cpython-36m-x86_64-linux-gnu.so
7f3921502000-7f3921503000 r--p 00008000 08:06 526062                     /usr/lib/python3/dist-packages/simplejson/_speedups.cpython-36m-x86_64-linux-gnu.so
7f3921503000-7f3921504000 rw-p 00009000 08:06 526062                     /usr/lib/python3/dist-packages/simplejson/_speedups.cpython-36m-x86_64-linux-gnu.so
7f3921504000-7f39215c4000 rw-p 00000000 00:00 0 
7f39215c4000-7f39215ca000 r-xp 00000000 08:06 660569                     /lib/x86_64-linux-gnu/libuuid.so.1.3.0
7f39215ca000-7f39217c9000 ---p 00006000 08:06 660569                     /lib/x86_64-linux-gnu/libuuid.so.1.3.0
7f39217c9000-7f39217ca000 r--p 00005000 08:06 660569                     /lib/x86_64-linux-gnu/libuuid.so.1.3.0
7f39217ca000-7f39217cb000 rw-p 00006000 08:06 660569                     /lib/x86_64-linux-gnu/libuuid.so.1.3.0
7f39217cb000-7f39217d2000 r-xp 00000000 08:06 403356                     /usr/lib/x86_64-linux-gnu/libffi.so.6.0.4
7f39217d2000-7f39219d1000 ---p 00007000 08:06 403356                     /usr/lib/x86_64-linux-gnu/libffi.so.6.0.4
7f39219d1000-7f39219d2000 r--p 00006000 08:06 403356                     /usr/lib/x86_64-linux-gnu/libffi.so.6.0.4
7f39219d2000-7f39219d3000 rw-p 00007000 08:06 403356                     /usr/lib/x86_64-linux-gnu/libffi.so.6.0.4
7f39219d3000-7f39219ee000 r-xp 00000000 08:06 400070                     /usr/lib/python3.6/lib-dynload/_ctypes.cpython-36m-x86_64-linux-gnu.so
7f39219ee000-7f3921bed000 ---p 0001b000 08:06 400070                     /usr/lib/python3.6/lib-dynload/_ctypes.cpython-36m-x86_64-linux-gnu.so
7f3921bed000-7f3921bee000 r--p 0001a000 08:06 400070                     /usr/lib/python3.6/lib-dynload/_ctypes.cpython-36m-x86_64-linux-gnu.so
7f3921bee000-7f3921bf2000 rw-p 0001b000 08:06 400070                     /usr/lib/python3.6/lib-dynload/_ctypes.cpython-36m-x86_64-linux-gnu.so
7f3921bf2000-7f3921cf2000 rw-p 00000000 00:00 0 
7f3921cf2000-7f3921d00000 r-xp 00000000 08:06 400060                     /usr/lib/python3.6/lib-dynload/_asyncio.cpython-36m-x86_64-linux-gnu.so
7f3921d00000-7f3921eff000 ---p 0000e000 08:06 400060                     /usr/lib/python3.6/lib-dynload/_asyncio.cpython-36m-x86_64-linux-gnu.so
7f3921eff000-7f3921f00000 r--p 0000d000 08:06 400060                     /usr/lib/python3.6/lib-dynload/_asyncio.cpython-36m-x86_64-linux-gnu.so
7f3921f00000-7f3921f03000 rw-p 0000e000 08:06 400060                     /usr/lib/python3.6/lib-dynload/_asyncio.cpython-36m-x86_64-linux-gnu.so
7f3921f03000-7f3921f43000 rw-p 00000000 00:00 0 
7f3921f43000-7f3921f46000 r-xp 00000000 08:06 400080                     /usr/lib/python3.6/lib-dynload/_multiprocessing.cpython-36m-x86_64-linux-gnu.so
7f3921f46000-7f3922145000 ---p 00003000 08:06 400080                     /usr/lib/python3.6/lib-dynload/_multiprocessing.cpython-36m-x86_64-linux-gnu.so
7f3922145000-7f3922146000 r--p 00002000 08:06 400080                     /usr/lib/python3.6/lib-dynload/_multiprocessing.cpython-36m-x86_64-linux-gnu.so
7f3922146000-7f3922147000 rw-p 00003000 08:06 400080                     /usr/lib/python3.6/lib-dynload/_multiprocessing.cpython-36m-x86_64-linux-gnu.so
7f3922147000-7f3922247000 rw-p 00000000 00:00 0 
7f3922247000-7f392227e000 r-xp 00000000 08:06 403747                     /usr/lib/x86_64-linux-gnu/libmpdec.so.2.4.2
7f392227e000-7f392247d000 ---p 00037000 08:06 403747                     /usr/lib/x86_64-linux-gnu/libmpdec.so.2.4.2
7f392247d000-7f392247e000 r--p 00036000 08:06 403747                     /usr/lib/x86_64-linux-gnu/libmpdec.so.2.4.2
7f392247e000-7f392247f000 rw-p 00037000 08:06 403747                     /usr/lib/x86_64-linux-gnu/libmpdec.so.2.4.2
7f392247f000-7f39224a2000 r-xp 00000000 08:06 400075                     /usr/lib/python3.6/lib-dynload/_decimal.cpython-36m-x86_64-linux-gnu.so
7f39224a2000-7f39226a1000 ---p 00023000 08:06 400075                     /usr/lib/python3.6/lib-dynload/_decimal.cpython-36m-x86_64-linux-gnu.so
7f39226a1000-7f39226a2000 r--p 00022000 08:06 400075                     /usr/lib/python3.6/lib-dynload/_decimal.cpython-36m-x86_64-linux-gnu.so
7f39226a2000-7f39226ab000 rw-p 00023000 08:06 400075                     /usr/lib/python3.6/lib-dynload/_decimal.cpython-36m-x86_64-linux-gnu.so
7f39226ab000-7f39226eb000 rw-p 00000000 00:00 0 
7f39226eb000-7f39226ed000 r-xp 00000000 08:06 924755                     /home/d134/.local/lib/python3.6/site-packages/markupsafe/_speedups.cpython-36m-x86_64-linux-gnu.so
7f39226ed000-7f39228ec000 ---p 00002000 08:06 924755                     /home/d134/.local/lib/python3.6/site-packages/markupsafe/_speedups.cpython-36m-x86_64-linux-gnu.so
7f39228ec000-7f39228ed000 r--p 00001000 08:06 924755                     /home/d134/.local/lib/python3.6/site-packages/markupsafe/_speedups.cpython-36m-x86_64-linux-gnu.so
7f39228ed000-7f39228ee000 rw-p 00002000 08:06 924755                     /home/d134/.local/lib/python3.6/site-packages/markupsafe/_speedups.cpython-36m-x86_64-linux-gnu.so
7f39228ee000-7f392292e000 rw-p 00000000 00:00 0 
7f392292e000-7f392293f000 r-xp 00000000 08:06 400076                     /usr/lib/python3.6/lib-dynload/_json.cpython-36m-x86_64-linux-gnu.so
7f392293f000-7f3922b3f000 ---p 00011000 08:06 400076                     /usr/lib/python3.6/lib-dynload/_json.cpython-36m-x86_64-linux-gnu.so
7f3922b3f000-7f3922b40000 r--p 00011000 08:06 400076                     /usr/lib/python3.6/lib-dynload/_json.cpython-36m-x86_64-linux-gnu.so
7f3922b40000-7f3922b41000 rw-p 00012000 08:06 400076                     /usr/lib/python3.6/lib-dynload/_json.cpython-36m-x86_64-linux-gnu.so
7f3922b41000-7f3922bc1000 rw-p 00000000 00:00 0 
7f3922bd2000-7f3922d12000 rw-p 00000000 00:00 0 
7f3922d12000-7f3922d36000 r-xp 00000000 08:06 659862                     /lib/x86_64-linux-gnu/liblzma.so.5.2.2
7f3922d36000-7f3922f36000 ---p 00024000 08:06 659862                     /lib/x86_64-linux-gnu/liblzma.so.5.2.2
7f3922f36000-7f3922f37000 r--p 00024000 08:06 659862                     /lib/x86_64-linux-gnu/liblzma.so.5.2.2
7f3922f37000-7f3922f38000 rw-p 00025000 08:06 659862                     /lib/x86_64-linux-gnu/liblzma.so.5.2.2
7f3922f38000-7f3922f3e000 r-xp 00000000 08:06 400078                     /usr/lib/python3.6/lib-dynload/_lzma.cpython-36m-x86_64-linux-gnu.so
7f3922f3e000-7f392313d000 ---p 00006000 08:06 400078                     /usr/lib/python3.6/lib-dynload/_lzma.cpython-36m-x86_64-linux-gnu.so
7f392313d000-7f392313e000 r--p 00005000 08:06 400078                     /usr/lib/python3.6/lib-dynload/_lzma.cpython-36m-x86_64-linux-gnu.so
7f392313e000-7f3923140000 rw-p 00006000 08:06 400078                     /usr/lib/python3.6/lib-dynload/_lzma.cpython-36m-x86_64-linux-gnu.so
7f3923140000-7f392314f000 r-xp 00000000 08:06 659801                     /lib/x86_64-linux-gnu/libbz2.so.1.0.4
7f392314f000-7f392334e000 ---p 0000f000 08:06 659801                     /lib/x86_64-linux-gnu/libbz2.so.1.0.4
7f392334e000-7f392334f000 r--p 0000e000 08:06 659801                     /lib/x86_64-linux-gnu/libbz2.so.1.0.4
7f392334f000-7f3923350000 rw-p 0000f000 08:06 659801                     /lib/x86_64-linux-gnu/libbz2.so.1.0.4
7f3923350000-7f3923354000 r-xp 00000000 08:06 400061                     /usr/lib/python3.6/lib-dynload/_bz2.cpython-36m-x86_64-linux-gnu.so
7f3923354000-7f3923553000 ---p 00004000 08:06 400061                     /usr/lib/python3.6/lib-dynload/_bz2.cpython-36m-x86_64-linux-gnu.so
7f3923553000-7f3923554000 r--p 00003000 08:06 400061                     /usr/lib/python3.6/lib-dynload/_bz2.cpython-36m-x86_64-linux-gnu.so
7f3923554000-7f3923555000 rw-p 00004000 08:06 400061                     /usr/lib/python3.6/lib-dynload/_bz2.cpython-36m-x86_64-linux-gnu.so
7f3923555000-7f3923595000 rw-p 00000000 00:00 0 
7f3923595000-7f39235f5000 r-xp 00000000 08:06 393569                     /usr/lib/x86_64-linux-gnu/libssl.so.1.1
7f39235f5000-7f39237f5000 ---p 00060000 08:06 393569                     /usr/lib/x86_64-linux-gnu/libssl.so.1.1
7f39237f5000-7f39237f9000 r--p 00060000 08:06 393569                     /usr/lib/x86_64-linux-gnu/libssl.so.1.1
7f39237f9000-7f39237ff000 rw-p 00064000 08:06 393569                     /usr/lib/x86_64-linux-gnu/libssl.so.1.1
7f39237ff000-7f3923817000 r-xp 00000000 08:06 400368                     /usr/lib/python3.6/lib-dynload/_ssl.cpython-36m-x86_64-linux-gnu.so
7f3923817000-7f3923a16000 ---p 00018000 08:06 400368                     /usr/lib/python3.6/lib-dynload/_ssl.cpython-36m-x86_64-linux-gnu.so
7f3923a16000-7f3923a17000 r--p 00017000 08:06 400368                     /usr/lib/python3.6/lib-dynload/_ssl.cpython-36m-x86_64-linux-gnu.so
7f3923a17000-7f3923a1c000 rw-p 00018000 08:06 400368                     /usr/lib/python3.6/lib-dynload/_ssl.cpython-36m-x86_64-linux-gnu.so
7f3923a1c000-7f3923b9c000 rw-p 00000000 00:00 0 
7f3923b9c000-7f3923de9000 r-xp 00000000 08:06 393565                     /usr/lib/x86_64-linux-gnu/libcrypto.so.1.1
7f3923de9000-7f3923fe9000 ---p 0024d000 08:06 393565                     /usr/lib/x86_64-linux-gnu/libcrypto.so.1.1
7f3923fe9000-7f3924007000 r--p 0024d000 08:06 393565                     /usr/lib/x86_64-linux-gnu/libcrypto.so.1.1
7f3924007000-7f3924011000 rw-p 0026b000 08:06 393565                     /usr/lib/x86_64-linux-gnu/libcrypto.so.1.1
7f3924011000-7f3924014000 rw-p 00000000 00:00 0 
7f3924014000-7f392401a000 r-xp 00000000 08:06 400366                     /usr/lib/python3.6/lib-dynload/_hashlib.cpython-36m-x86_64-linux-gnu.so
7f392401a000-7f3924219000 ---p 00006000 08:06 400366                     /usr/lib/python3.6/lib-dynload/_hashlib.cpython-36m-x86_64-linux-gnu.so
7f3924219000-7f392421a000 r--p 00005000 08:06 400366                     /usr/lib/python3.6/lib-dynload/_hashlib.cpython-36m-x86_64-linux-gnu.so
7f392421a000-7f392421b000 rw-p 00006000 08:06 400366                     /usr/lib/python3.6/lib-dynload/_hashlib.cpython-36m-x86_64-linux-gnu.so
7f392421b000-7f392429b000 rw-p 00000000 00:00 0 
7f392429b000-7f392429c000 r-xp 00000000 08:06 400367                     /usr/lib/python3.6/lib-dynload/_opcode.cpython-36m-x86_64-linux-gnu.so
7f392429c000-7f392449b000 ---p 00001000 08:06 400367                     /usr/lib/python3.6/lib-dynload/_opcode.cpython-36m-x86_64-linux-gnu.so
7f392449b000-7f392449c000 r--p 00000000 08:06 400367                     /usr/lib/python3.6/lib-dynload/_opcode.cpython-36m-x86_64-linux-gnu.so
7f392449c000-7f392449d000 rw-p 00001000 08:06 400367                     /usr/lib/python3.6/lib-dynload/_opcode.cpython-36m-x86_64-linux-gnu.so
7f392449d000-7f39244dd000 rw-p 00000000 00:00 0 
7f39244e6000-7f3924626000 rw-p 00000000 00:00 0 
7f3924626000-7f3925137000 r--p 00000000 08:06 399303                     /usr/lib/locale/locale-archive
7f3925137000-7f39252d4000 r-xp 00000000 08:06 659865                     /lib/x86_64-linux-gnu/libm-2.27.so
7f39252d4000-7f39254d3000 ---p 0019d000 08:06 659865                     /lib/x86_64-linux-gnu/libm-2.27.so
7f39254d3000-7f39254d4000 r--p 0019c000 08:06 659865                     /lib/x86_64-linux-gnu/libm-2.27.so
7f39254d4000-7f39254d5000 rw-p 0019d000 08:06 659865                     /lib/x86_64-linux-gnu/libm-2.27.so
7f39254d5000-7f39254f1000 r-xp 00000000 08:06 659974                     /lib/x86_64-linux-gnu/libz.so.1.2.11
7f39254f1000-7f39256f0000 ---p 0001c000 08:06 659974                     /lib/x86_64-linux-gnu/libz.so.1.2.11
7f39256f0000-7f39256f1000 r--p 0001b000 08:06 659974                     /lib/x86_64-linux-gnu/libz.so.1.2.11
7f39256f1000-7f39256f2000 rw-p 0001c000 08:06 659974                     /lib/x86_64-linux-gnu/libz.so.1.2.11
7f39256f2000-7f3925721000 r-xp 00000000 08:06 659832                     /lib/x86_64-linux-gnu/libexpat.so.1.6.7
7f3925721000-7f3925921000 ---p 0002f000 08:06 659832                     /lib/x86_64-linux-gnu/libexpat.so.1.6.7
7f3925921000-7f3925923000 r--p 0002f000 08:06 659832                     /lib/x86_64-linux-gnu/libexpat.so.1.6.7
7f3925923000-7f3925924000 rw-p 00031000 08:06 659832                     /lib/x86_64-linux-gnu/libexpat.so.1.6.7
7f3925924000-7f3925926000 r-xp 00000000 08:06 659967                     /lib/x86_64-linux-gnu/libutil-2.27.so
7f3925926000-7f3925b25000 ---p 00002000 08:06 659967                     /lib/x86_64-linux-gnu/libutil-2.27.so
7f3925b25000-7f3925b26000 r--p 00001000 08:06 659967                     /lib/x86_64-linux-gnu/libutil-2.27.so
7f3925b26000-7f3925b27000 rw-p 00002000 08:06 659967                     /lib/x86_64-linux-gnu/libutil-2.27.so
7f3925b27000-7f3925b2a000 r-xp 00000000 08:06 659825                     /lib/x86_64-linux-gnu/libdl-2.27.so
7f3925b2a000-7f3925d29000 ---p 00003000 08:06 659825                     /lib/x86_64-linux-gnu/libdl-2.27.so
7f3925d29000-7f3925d2a000 r--p 00002000 08:06 659825                     /lib/x86_64-linux-gnu/libdl-2.27.so
7f3925d2a000-7f3925d2b000 rw-p 00003000 08:06 659825                     /lib/x86_64-linux-gnu/libdl-2.27.so
7f3925d2b000-7f3925d45000 r-xp 00000000 08:06 659935                     /lib/x86_64-linux-gnu/libpthread-2.27.so
7f3925d45000-7f3925f44000 ---p 0001a000 08:06 659935                     /lib/x86_64-linux-gnu/libpthread-2.27.so
7f3925f44000-7f3925f45000 r--p 00019000 08:06 659935                     /lib/x86_64-linux-gnu/libpthread-2.27.so
7f3925f45000-7f3925f46000 rw-p 0001a000 08:06 659935                     /lib/x86_64-linux-gnu/libpthread-2.27.so
7f3925f46000-7f3925f4a000 rw-p 00000000 00:00 0 
7f3925f4a000-7f3926131000 r-xp 00000000 08:06 659802                     /lib/x86_64-linux-gnu/libc-2.27.so
7f3926131000-7f3926331000 ---p 001e7000 08:06 659802                     /lib/x86_64-linux-gnu/libc-2.27.so
7f3926331000-7f3926335000 r--p 001e7000 08:06 659802                     /lib/x86_64-linux-gnu/libc-2.27.so
7f3926335000-7f3926337000 rw-p 001eb000 08:06 659802                     /lib/x86_64-linux-gnu/libc-2.27.so
7f3926337000-7f392633b000 rw-p 00000000 00:00 0 
7f392633b000-7f3926362000 r-xp 00000000 08:06 659774                     /lib/x86_64-linux-gnu/ld-2.27.so
7f3926362000-7f39263e2000 rw-p 00000000 00:00 0 
7f39263fb000-7f3926400000 rw-p 00000000 00:00 0 
7f3926400000-7f3926407000 ---p 00000000 00:00 0 
7f3926407000-7f392654e000 rw-p 00000000 00:00 0 
7f392654f000-7f3926550000 rw-p 00000000 00:00 0 
7f3926550000-7f3926558000 rw-s 00000000 08:06 1325015                    /tmp/hsperfdata_root/14417
7f3926558000-7f3926559000 ---p 00000000 00:00 0 
7f3926559000-7f392655a000 r--p 00000000 00:00 0 
7f392655a000-7f392655b000 rwxp 00000000 00:00 0 
7f392655b000-7f3926562000 r--s 00000000 08:06 528680                     /usr/lib/x86_64-linux-gnu/gconv/gconv-modules.cache
7f3926562000-7f3926563000 r--p 00027000 08:06 659774                     /lib/x86_64-linux-gnu/ld-2.27.so
7f3926563000-7f3926564000 rw-p 00028000 08:06 659774                     /lib/x86_64-linux-gnu/ld-2.27.so
7f3926564000-7f3926565000 rw-p 00000000 00:00 0 
7ffc84271000-7ffc84275000 ---p 00000000 00:00 0 
7ffc84275000-7ffc84371000 rw-p 00000000 00:00 0                          [stack]
7ffc843b4000-7ffc843b7000 r--p 00000000 00:00 0                          [vvar]
7ffc843b7000-7ffc843b9000 r-xp 00000000 00:00 0                          [vdso]
ffffffffff600000-ffffffffff601000 r-xp 00000000 00:00 0                  [vsyscall]


VM Arguments:
jvm_args: -Dfile.encoding=UTF8 -ea -Xmx1024m 
java_command: <unknown>
java_class_path (initial): /home/d134/.local/lib/python3.6/site-packages/konlpy/java:/home/d134/.local/lib/python3.6/site-packages/konlpy/java/bin:/home/d134/.local/lib/python3.6/site-packages/konlpy/java/*:/home/d134/.local/lib/python3.6/site-packages/konlpy/java/jhannanum-0.8.4.jar:/home/d134/.local/lib/python3.6/site-packages/konlpy/java/kkma-2.0.jar:/home/d134/.local/lib/python3.6/site-packages/konlpy/java/aho-corasick.jar:/home/d134/.local/lib/python3.6/site-packages/konlpy/java/shineware-common-1.0.jar:/home/d134/.local/lib/python3.6/site-packages/konlpy/java/shineware-ds-1.0.jar:/home/d134/.local/lib/python3.6/site-packages/konlpy/java/komoran-3.0.jar:/home/d134/.local/lib/python3.6/site-packages/konlpy/java/snakeyaml-1.12.jar:/home/d134/.local/lib/python3.6/site-packages/konlpy/java/scala-library-2.12.3.jar:/home/d134/.local/lib/python3.6/site-packages/konlpy/java/open-korean-text-2.1.0.jar:/home/d134/.local/lib/python3.6/site-packages/konlpy/java/twitter-text-1.14.7.jar:/home/d134/.local/lib/python3.6/site-packages/konlpy/java/*
Launcher Type: generic

Logging:
Log output configuration:
#0: stdout all=warning uptime,level,tags
#1: stderr all=off uptime,level,tags

Environment Variables:
PATH=/usr/local/sbin:/usr/local/bin:/usr/sbin:/usr/bin:/sbin:/bin:/snap/bin
USERNAME=root
SHELL=/bin/bash
DISPLAY=:0

Signal Handlers:
SIGSEGV: [libjvm.so+0xd28ad0], sa_mask[0]=11111111011111111101111111111110, sa_flags=SA_RESTART|SA_SIGINFO
SIGBUS: [libjvm.so+0xd28ad0], sa_mask[0]=11111111011111111101111111111110, sa_flags=SA_RESTART|SA_SIGINFO
SIGFPE: [libjvm.so+0xd28ad0], sa_mask[0]=11111111011111111101111111111110, sa_flags=SA_RESTART|SA_SIGINFO
SIGPIPE: [libjvm.so+0xb2a150], sa_mask[0]=11111111011111111101111111111110, sa_flags=SA_RESTART|SA_SIGINFO
SIGXFSZ: [libjvm.so+0xb2a150], sa_mask[0]=11111111011111111101111111111110, sa_flags=SA_RESTART|SA_SIGINFO
SIGILL: [libjvm.so+0xd28ad0], sa_mask[0]=11111111011111111101111111111110, sa_flags=SA_RESTART|SA_SIGINFO
SIGUSR2: [libjvm.so+0xb29f90], sa_mask[0]=00000000000000000000000000000000, sa_flags=SA_RESTART|SA_SIGINFO
SIGHUP: [libjvm.so+0xb2a0e0], sa_mask[0]=11111111011111111101111111111110, sa_flags=SA_RESTART|SA_SIGINFO
SIGINT: [libjvm.so+0xb2a0e0], sa_mask[0]=11111111011111111101111111111110, sa_flags=SA_RESTART|SA_SIGINFO
SIGTERM: [libjvm.so+0xb2a0e0], sa_mask[0]=11111111011111111101111111111110, sa_flags=SA_RESTART|SA_SIGINFO
SIGQUIT: [libjvm.so+0xb2a0e0], sa_mask[0]=11111111011111111101111111111110, sa_flags=SA_RESTART|SA_SIGINFO


---------------  S Y S T E M  ---------------

OS:DISTRIB_ID=Ubuntu
DISTRIB_RELEASE=18.04
DISTRIB_CODENAME=bionic
DISTRIB_DESCRIPTION="Ubuntu 18.04.1 LTS"
uname:Linux 4.15.0-36-generic #39-Ubuntu SMP Mon Sep 24 16:19:09 UTC 2018 x86_64
libc:glibc 2.27 NPTL 2.27 
rlimit: STACK 8192k, CORE 0k, NPROC 14815, NOFILE 4096, AS infinity, DATA infinity, FSIZE infinity
load average:0.20 0.11 0.09

/proc/meminfo:
MemTotal:        3921016 kB
MemFree:          117856 kB
MemAvailable:      72032 kB
Buffers:            1600 kB
Cached:           252196 kB
SwapCached:         5800 kB
Active:          2947656 kB
Inactive:         625528 kB
Active(anon):    2900192 kB
Inactive(anon):   567552 kB
Active(file):      47464 kB
Inactive(file):    57976 kB
Unevictable:          32 kB
Mlocked:              32 kB
SwapTotal:       1425444 kB
SwapFree:              4 kB
Dirty:               288 kB
Writeback:             0 kB
AnonPages:       3314860 kB
Mapped:           167668 kB
Shmem:            147864 kB
Slab:              99480 kB
SReclaimable:      43568 kB
SUnreclaim:        55912 kB
KernelStack:       14272 kB
PageTables:        57448 kB
NFS_Unstable:          0 kB
Bounce:                0 kB
WritebackTmp:          0 kB
CommitLimit:     3385952 kB
Committed_AS:   11554840 kB
VmallocTotal:   34359738367 kB
VmallocUsed:           0 kB
VmallocChunk:          0 kB
HardwareCorrupted:     0 kB
AnonHugePages:         0 kB
ShmemHugePages:        0 kB
ShmemPmdMapped:        0 kB
CmaTotal:              0 kB
CmaFree:               0 kB
HugePages_Total:       0
HugePages_Free:        0
HugePages_Rsvd:        0
HugePages_Surp:        0
Hugepagesize:       2048 kB
DirectMap4k:      188464 kB
DirectMap2M:     3887104 kB
DirectMap1G:     1048576 kB

container (cgroup) information:
container_type: cgroupv1
cpu_cpuset_cpus: 0-3
cpu_memory_nodes: 0
active_processor_count: 4
cpu_quota: -1
cpu_period: 100000
cpu_shares: -1
memory_limit_in_bytes: -1
memory_and_swap_limit_in_bytes: -2
memory_soft_limit_in_bytes: -1
memory_usage_in_bytes: 3657945088
memory_max_usage_in_bytes: 6459392


CPU:total 4 (initial active 4) (4 cores per cpu, 1 threads per core) family 6 model 94 stepping 3, cmov, cx8, fxsr, mmx, sse, sse2, sse3, ssse3, sse4.1, sse4.2, popcnt, avx, avx2, aes, clmul, erms, rtm, 3dnowpref, lzcnt, tsc, tscinvbit, bmi1, bmi2, adx, fma
CPU Model and flags from /proc/cpuinfo:
model name	: Intel(R) Core(TM) i5-6500 CPU @ 3.20GHz
flags		: fpu vme de pse tsc msr pae mce cx8 apic sep mtrr pge mca cmov pat pse36 clflush dts acpi mmx fxsr sse sse2 ss ht tm pbe syscall nx pdpe1gb rdtscp lm constant_tsc art arch_perfmon pebs bts rep_good nopl xtopology nonstop_tsc cpuid aperfmperf tsc_known_freq pni pclmulqdq dtes64 monitor ds_cpl vmx smx est tm2 ssse3 sdbg fma cx16 xtpr pdcm pcid sse4_1 sse4_2 x2apic movbe popcnt tsc_deadline_timer aes xsave avx f16c rdrand lahf_lm abm 3dnowprefetch cpuid_fault epb invpcid_single pti ssbd ibrs ibpb stibp tpr_shadow vnmi flexpriority ept vpid fsgsbase tsc_adjust bmi1 hle avx2 smep bmi2 erms invpcid rtm mpx rdseed adx smap clflushopt intel_pt xsaveopt xsavec xgetbv1 xsaves dtherm ida arat pln pts hwp hwp_notify hwp_act_window hwp_epp flush_l1d

Memory: 4k page, physical 3921016k(117856k free), swap 1425444k(4k free)

vm_info: OpenJDK 64-Bit Server VM (10.0.2+13-Ubuntu-1ubuntu0.18.04.2) for linux-amd64 JRE (10.0.2+13-Ubuntu-1ubuntu0.18.04.2), built on Aug 24 2018 17:36:24 by "buildd" with gcc 7.3.0

END.
